<?xml version="1.0" encoding="UTF-8"?><testsuite name="nosetests" tests="9" errors="0" failures="0" skip="0"><testcase classname="test_case_selenium" name="test_case_register" time="2.168"></testcase><testcase classname="test_case_selenium" name="test_case_logout" time="0.290"></testcase><testcase classname="test_case_selenium" name="test_case_topic_list_logout" time="0.284"></testcase><testcase classname="test_case_selenium" name="test_case_login" time="1.003"></testcase><testcase classname="test_case_selenium" name="test_case_topic_list_log_in" time="0.317"></testcase><testcase classname="test_case_selenium" name="test_case_new_topic" time="0.652"></testcase><testcase classname="test_case_selenium" name="test_case_new_entry" time="0.938"></testcase><testcase classname="test_case_selenium" name="test_case_edit_entry" time="0.626"></testcase><testcase classname="test_case_selenium" name="test_case_home_page" time="0.493"></testcase></testsuite>